<?xml version="1.0" encoding="UTF-8"?>
<!-- Generated by org.testng.reporters.JUnitReportReporter -->
<testsuite hostname="DESKTOP-HE77EJK" failures="0" tests="3" name="esaucompany.tests.SubmitOrderTest" time="26.909" errors="0" timestamp="2024-05-10T20:39:26 PDT" skipped="0">
  <testcase classname="esaucompany.tests.SubmitOrderTest" name="orderHistoryTest" time="6.187"/>
  <testcase classname="esaucompany.tests.SubmitOrderTest" name="submitOrder" time="10.179"/>
  <testcase classname="esaucompany.tests.SubmitOrderTest" name="submitOrder" time="10.543"/>
</testsuite> <!-- esaucompany.tests.SubmitOrderTest -->
