<?xml version="1.0" encoding="UTF-8"?>
<!-- Generated by org.testng.reporters.JUnitReportReporter -->
<testsuite hostname="DESKTOP-HE77EJK" failures="0" tests="1" name="Cucumber.TestNGTestRunner" time="12.457" errors="0" timestamp="2024-05-14T11:11:58 PDT" skipped="0">
  <testcase classname="Cucumber.TestNGTestRunner" name="runScenario" time="12.457"/>
</testsuite> <!-- Cucumber.TestNGTestRunner -->
