<?xml version="1.0" encoding="UTF-8"?>
<!-- Generated by org.testng.reporters.JUnitReportReporter -->
<testsuite hostname="DESKTOP-HE77EJK" failures="0" tests="1" name="esaucompany.tests.ErrorValidations" time="6.664" errors="0" timestamp="2024-05-06T16:17:16 PDT" skipped="0">
  <testcase classname="esaucompany.tests.ErrorValidations" name="submitOrder" time="6.664"/>
</testsuite> <!-- esaucompany.tests.ErrorValidations -->
