<?xml version="1.0" encoding="UTF-8"?>
<!-- Generated by org.testng.reporters.JUnitReportReporter -->
<testsuite hostname="DESKTOP-HE77EJK" failures="0" tests="1" name="Cucumber.TestNGTestRunner" time="14.841" errors="0" timestamp="2024-05-14T11:20:13 PDT" skipped="0">
  <testcase classname="Cucumber.TestNGTestRunner" name="runScenario" time="14.841"/>
</testsuite> <!-- Cucumber.TestNGTestRunner -->
