<?xml version="1.0" encoding="UTF-8"?>
<!-- Generated by org.testng.reporters.JUnitReportReporter -->
<testsuite hostname="DESKTOP-HE77EJK" failures="0" tests="3" name="esaucompany.tests.SubmitOrderTest" time="25.209" errors="0" timestamp="2024-05-12T16:56:17 PDT" skipped="0">
  <testcase classname="esaucompany.tests.SubmitOrderTest" name="orderHistoryTest" time="5.627"/>
  <testcase classname="esaucompany.tests.SubmitOrderTest" name="submitOrder" time="9.803"/>
  <testcase classname="esaucompany.tests.SubmitOrderTest" name="submitOrder" time="9.779"/>
</testsuite> <!-- esaucompany.tests.SubmitOrderTest -->
