<?xml version="1.0" encoding="UTF-8"?>
<!-- Generated by org.testng.reporters.JUnitReportReporter -->
<testsuite hostname="DESKTOP-HE77EJK" failures="0" tests="2" name="esaucompany.tests.ErrorValidationsTest" time="13.369" errors="0" timestamp="2024-05-12T16:56:17 PDT" skipped="0">
  <testcase classname="esaucompany.tests.ErrorValidationsTest" name="productErrorValidation" time="8.091"/>
  <testcase classname="esaucompany.tests.ErrorValidationsTest" name="loginErrorValidation" time="5.278"/>
</testsuite> <!-- esaucompany.tests.ErrorValidationsTest -->
